
  .   ____          _            __ _ _
 /\\ / ___'_ __ _ _(_)_ __  __ _ \ \ \ \
( ( )\___ | '_ | '_| | '_ \/ _` | \ \ \ \
 \\/  ___)| |_)| | | | | || (_| |  ) ) ) )
  '  |____| .__|_| |_|_| |_\__, | / / / /
 =========|_|==============|___/=/_/_/_/

 :: Spring Boot ::                (v3.4.5)

2026-06-16T16:01:38.795+07:00  INFO 12260 --- [appshopbanhang-web-admin] [           main] c.a.a.AppShopBanHangAdminApplication     : Starting AppShopBanHangAdminApplication v0.0.1-SNAPSHOT using Java 21.0.9 with PID 12260 (C:\Users\ADMIN\Downloads\AppShopBanHang\web-admin\target\web-admin-0.0.1-SNAPSHOT.jar started by ADMIN in C:\Users\ADMIN\Downloads\AppShopBanHang\web-admin)
2026-06-16T16:01:38.798+07:00  INFO 12260 --- [appshopbanhang-web-admin] [           main] c.a.a.AppShopBanHangAdminApplication     : No active profile set, falling back to 1 default profile: "default"
2026-06-16T16:01:39.541+07:00  INFO 12260 --- [appshopbanhang-web-admin] [           main] .s.d.r.c.RepositoryConfigurationDelegate : Bootstrapping Spring Data JPA repositories in DEFAULT mode.
2026-06-16T16:01:39.622+07:00  INFO 12260 --- [appshopbanhang-web-admin] [           main] .s.d.r.c.RepositoryConfigurationDelegate : Finished Spring Data repository scanning in 65 ms. Found 6 JPA repository interfaces.
2026-06-16T16:01:40.281+07:00  INFO 12260 --- [appshopbanhang-web-admin] [           main] o.s.b.w.embedded.tomcat.TomcatWebServer  : Tomcat initialized with port 8080 (http)
2026-06-16T16:01:40.293+07:00  INFO 12260 --- [appshopbanhang-web-admin] [           main] o.apache.catalina.core.StandardService   : Starting service [Tomcat]
2026-06-16T16:01:40.293+07:00  INFO 12260 --- [appshopbanhang-web-admin] [           main] o.apache.catalina.core.StandardEngine    : Starting Servlet engine: [Apache Tomcat/10.1.40]
2026-06-16T16:01:40.321+07:00  INFO 12260 --- [appshopbanhang-web-admin] [           main] o.a.c.c.C.[Tomcat].[localhost].[/]       : Initializing Spring embedded WebApplicationContext
2026-06-16T16:01:40.322+07:00  INFO 12260 --- [appshopbanhang-web-admin] [           main] w.s.c.ServletWebServerApplicationContext : Root WebApplicationContext: initialization completed in 1476 ms
2026-06-16T16:01:40.494+07:00  INFO 12260 --- [appshopbanhang-web-admin] [           main] o.hibernate.jpa.internal.util.LogHelper  : HHH000204: Processing PersistenceUnitInfo [name: default]
2026-06-16T16:01:40.546+07:00  INFO 12260 --- [appshopbanhang-web-admin] [           main] org.hibernate.Version                    : HHH000412: Hibernate ORM core version 6.6.13.Final
2026-06-16T16:01:40.583+07:00  INFO 12260 --- [appshopbanhang-web-admin] [           main] o.h.c.internal.RegionFactoryInitiator    : HHH000026: Second-level cache disabled
2026-06-16T16:01:40.916+07:00  INFO 12260 --- [appshopbanhang-web-admin] [           main] o.s.o.j.p.SpringPersistenceUnitInfo      : No LoadTimeWeaver setup: ignoring JPA class transformer
2026-06-16T16:01:40.951+07:00  INFO 12260 --- [appshopbanhang-web-admin] [           main] com.zaxxer.hikari.HikariDataSource       : HikariPool-1 - Starting...
2026-06-16T16:01:41.110+07:00  INFO 12260 --- [appshopbanhang-web-admin] [           main] com.zaxxer.hikari.pool.HikariPool        : HikariPool-1 - Added connection org.mariadb.jdbc.Connection@5dc7841c
2026-06-16T16:01:41.112+07:00  INFO 12260 --- [appshopbanhang-web-admin] [           main] com.zaxxer.hikari.HikariDataSource       : HikariPool-1 - Start completed.
2026-06-16T16:01:41.174+07:00  INFO 12260 --- [appshopbanhang-web-admin] [           main] org.hibernate.orm.connections.pooling    : HHH10001005: Database info:
	Database JDBC URL [Connecting through datasource 'HikariDataSource (HikariPool-1)']
	Database driver: undefined/unknown
	Database version: 10.4.32
	Autocommit mode: undefined/unknown
	Isolation level: undefined/unknown
	Minimum pool size: undefined/unknown
	Maximum pool size: undefined/unknown
2026-06-16T16:01:42.208+07:00  INFO 12260 --- [appshopbanhang-web-admin] [           main] o.h.e.t.j.p.i.JtaPlatformInitiator       : HHH000489: No JTA platform available (set 'hibernate.transaction.jta.platform' to enable JTA platform integration)
2026-06-16T16:01:42.216+07:00  INFO 12260 --- [appshopbanhang-web-admin] [           main] j.LocalContainerEntityManagerFactoryBean : Initialized JPA EntityManagerFactory for persistence unit 'default'
2026-06-16T16:01:43.480+07:00  INFO 12260 --- [appshopbanhang-web-admin] [           main] o.s.b.w.embedded.tomcat.TomcatWebServer  : Tomcat started on port 8080 (http) with context path '/'
2026-06-16T16:01:43.500+07:00  INFO 12260 --- [appshopbanhang-web-admin] [           main] c.a.a.AppShopBanHangAdminApplication     : Started AppShopBanHangAdminApplication in 5.116 seconds (process running for 5.705)
2026-06-16T16:01:45.879+07:00  INFO 12260 --- [appshopbanhang-web-admin] [nio-8080-exec-1] o.a.c.c.C.[Tomcat].[localhost].[/]       : Initializing Spring DispatcherServlet 'dispatcherServlet'
2026-06-16T16:01:45.880+07:00  INFO 12260 --- [appshopbanhang-web-admin] [nio-8080-exec-1] o.s.web.servlet.DispatcherServlet        : Initializing Servlet 'dispatcherServlet'
2026-06-16T16:01:45.882+07:00  INFO 12260 --- [appshopbanhang-web-admin] [nio-8080-exec-1] o.s.web.servlet.DispatcherServlet        : Completed initialization in 2 ms
