[INFO] Scanning for projects...
[INFO] 
[INFO] --------------------< com.appshopbanhang:web-admin >--------------------
[INFO] Building AppShopBanHang Web Admin 0.0.1-SNAPSHOT
[INFO]   from pom.xml
[INFO] --------------------------------[ jar ]---------------------------------
[INFO] 
[INFO] >>> spring-boot:3.4.5:run (default-cli) > test-compile @ web-admin >>>
[INFO] 
[INFO] --- resources:3.3.1:resources (default-resources) @ web-admin ---
[INFO] Copying 1 resource from src\main\resources to target\classes
[INFO] Copying 10 resources from src\main\resources to target\classes
[INFO] 
[INFO] --- compiler:3.13.0:compile (default-compile) @ web-admin ---
[INFO] Nothing to compile - all classes are up to date.
[INFO] 
[INFO] --- resources:3.3.1:testResources (default-testResources) @ web-admin ---
[INFO] skip non existing resourceDirectory C:\Users\ADMIN\Downloads\AppShopBanHang\web-admin\src\test\resources
[INFO] 
[INFO] --- compiler:3.13.0:testCompile (default-testCompile) @ web-admin ---
[INFO] No sources to compile
[INFO] 
[INFO] <<< spring-boot:3.4.5:run (default-cli) < test-compile @ web-admin <<<
[INFO] 
[INFO] 
[INFO] --- spring-boot:3.4.5:run (default-cli) @ web-admin ---
[INFO] Attaching agents: []

  .   ____          _            __ _ _
 /\\ / ___'_ __ _ _(_)_ __  __ _ \ \ \ \
( ( )\___ | '_ | '_| | '_ \/ _` | \ \ \ \
 \\/  ___)| |_)| | | | | || (_| |  ) ) ) )
  '  |____| .__|_| |_|_| |_\__, | / / / /
 =========|_|==============|___/=/_/_/_/

 :: Spring Boot ::                (v3.4.5)

2026-06-17T13:13:12.080+07:00  INFO 28196 --- [appshopbanhang-web-admin] [           main] c.a.a.AppShopBanHangAdminApplication     : Starting AppShopBanHangAdminApplication using Java 21.0.9 with PID 28196 (C:\Users\ADMIN\Downloads\AppShopBanHang\web-admin\target\classes started by ADMIN in C:\Users\ADMIN\Downloads\AppShopBanHang\web-admin)
2026-06-17T13:13:12.083+07:00  INFO 28196 --- [appshopbanhang-web-admin] [           main] c.a.a.AppShopBanHangAdminApplication     : No active profile set, falling back to 1 default profile: "default"
2026-06-17T13:13:12.615+07:00  INFO 28196 --- [appshopbanhang-web-admin] [           main] .s.d.r.c.RepositoryConfigurationDelegate : Bootstrapping Spring Data JPA repositories in DEFAULT mode.
2026-06-17T13:13:12.674+07:00  INFO 28196 --- [appshopbanhang-web-admin] [           main] .s.d.r.c.RepositoryConfigurationDelegate : Finished Spring Data repository scanning in 48 ms. Found 6 JPA repository interfaces.
2026-06-17T13:13:13.086+07:00  INFO 28196 --- [appshopbanhang-web-admin] [           main] o.s.b.w.embedded.tomcat.TomcatWebServer  : Tomcat initialized with port 8080 (http)
2026-06-17T13:13:13.099+07:00  INFO 28196 --- [appshopbanhang-web-admin] [           main] o.apache.catalina.core.StandardService   : Starting service [Tomcat]
2026-06-17T13:13:13.099+07:00  INFO 28196 --- [appshopbanhang-web-admin] [           main] o.apache.catalina.core.StandardEngine    : Starting Servlet engine: [Apache Tomcat/10.1.40]
2026-06-17T13:13:13.143+07:00  INFO 28196 --- [appshopbanhang-web-admin] [           main] o.a.c.c.C.[Tomcat].[localhost].[/]       : Initializing Spring embedded WebApplicationContext
2026-06-17T13:13:13.144+07:00  INFO 28196 --- [appshopbanhang-web-admin] [           main] w.s.c.ServletWebServerApplicationContext : Root WebApplicationContext: initialization completed in 1026 ms
2026-06-17T13:13:13.249+07:00  INFO 28196 --- [appshopbanhang-web-admin] [           main] o.hibernate.jpa.internal.util.LogHelper  : HHH000204: Processing PersistenceUnitInfo [name: default]
2026-06-17T13:13:13.284+07:00  INFO 28196 --- [appshopbanhang-web-admin] [           main] org.hibernate.Version                    : HHH000412: Hibernate ORM core version 6.6.13.Final
2026-06-17T13:13:13.309+07:00  INFO 28196 --- [appshopbanhang-web-admin] [           main] o.h.c.internal.RegionFactoryInitiator    : HHH000026: Second-level cache disabled
2026-06-17T13:13:13.518+07:00  INFO 28196 --- [appshopbanhang-web-admin] [           main] o.s.o.j.p.SpringPersistenceUnitInfo      : No LoadTimeWeaver setup: ignoring JPA class transformer
2026-06-17T13:13:13.542+07:00  INFO 28196 --- [appshopbanhang-web-admin] [           main] com.zaxxer.hikari.HikariDataSource       : HikariPool-1 - Starting...
2026-06-17T13:13:13.616+07:00  INFO 28196 --- [appshopbanhang-web-admin] [           main] com.zaxxer.hikari.pool.HikariPool        : HikariPool-1 - Added connection org.mariadb.jdbc.Connection@2fca3eb5
2026-06-17T13:13:13.618+07:00  INFO 28196 --- [appshopbanhang-web-admin] [           main] com.zaxxer.hikari.HikariDataSource       : HikariPool-1 - Start completed.
2026-06-17T13:13:13.665+07:00  INFO 28196 --- [appshopbanhang-web-admin] [           main] org.hibernate.orm.connections.pooling    : HHH10001005: Database info:
	Database JDBC URL [Connecting through datasource 'HikariDataSource (HikariPool-1)']
	Database driver: undefined/unknown
	Database version: 10.4.32
	Autocommit mode: undefined/unknown
	Isolation level: undefined/unknown
	Minimum pool size: undefined/unknown
	Maximum pool size: undefined/unknown
2026-06-17T13:13:14.466+07:00  INFO 28196 --- [appshopbanhang-web-admin] [           main] o.h.e.t.j.p.i.JtaPlatformInitiator       : HHH000489: No JTA platform available (set 'hibernate.transaction.jta.platform' to enable JTA platform integration)
2026-06-17T13:13:14.469+07:00  INFO 28196 --- [appshopbanhang-web-admin] [           main] j.LocalContainerEntityManagerFactoryBean : Initialized JPA EntityManagerFactory for persistence unit 'default'
2026-06-17T13:13:15.438+07:00  INFO 28196 --- [appshopbanhang-web-admin] [           main] o.s.b.w.embedded.tomcat.TomcatWebServer  : Tomcat started on port 8080 (http) with context path '/'
2026-06-17T13:13:15.448+07:00  INFO 28196 --- [appshopbanhang-web-admin] [           main] c.a.a.AppShopBanHangAdminApplication     : Started AppShopBanHangAdminApplication in 3.703 seconds (process running for 3.977)
2026-06-17T13:13:53.081+07:00  INFO 28196 --- [appshopbanhang-web-admin] [nio-8080-exec-1] o.a.c.c.C.[Tomcat].[localhost].[/]       : Initializing Spring DispatcherServlet 'dispatcherServlet'
2026-06-17T13:13:53.085+07:00  INFO 28196 --- [appshopbanhang-web-admin] [nio-8080-exec-1] o.s.web.servlet.DispatcherServlet        : Initializing Servlet 'dispatcherServlet'
2026-06-17T13:13:53.087+07:00  INFO 28196 --- [appshopbanhang-web-admin] [nio-8080-exec-1] o.s.web.servlet.DispatcherServlet        : Completed initialization in 1 ms
